State 23 conflicts: 4 shift/reduce
State 24 conflicts: 4 shift/reduce
State 25 conflicts: 4 shift/reduce
State 26 conflicts: 4 shift/reduce


Grammar

    0 $accept: program $end

    1 program: statement_list

    2 statement_list: statement '\n'
    3               | statement_list statement '\n'

    4 statement: assignment
    5          | expression '\n'

    6 assignment: ID '=' expression

    7 expression: NUMBER
    8           | ID
    9           | expression '+' expression
   10           | expression '-' expression
   11           | expression '*' expression
   12           | expression '/' expression
   13           | '(' expression ')'


Terminals, with rules where they appear

    $end (0) 0
    '\n' (10) 2 3 5
    '(' (40) 13
    ')' (41) 13
    '*' (42) 11
    '+' (43) 9
    '-' (45) 10
    '/' (47) 12
    '=' (61) 6
    error (256)
    ID <strval> (258) 6 8
    NUMBER <intval> (259) 7


Nonterminals, with rules where they appear

    $accept (13)
        on left: 0
    program (14)
        on left: 1
        on right: 0
    statement_list (15)
        on left: 2 3
        on right: 1 3
    statement (16)
        on left: 4 5
        on right: 2 3
    assignment (17)
        on left: 6
        on right: 4
    expression <intval> (18)
        on left: 7 8 9 10 11 12 13
        on right: 5 6 9 10 11 12 13


State 0

    0 $accept: . program $end

    ID      shift, and go to state 1
    NUMBER  shift, and go to state 2
    '('     shift, and go to state 3

    program         go to state 4
    statement_list  go to state 5
    statement       go to state 6
    assignment      go to state 7
    expression      go to state 8


State 1

    6 assignment: ID . '=' expression
    8 expression: ID .

    '='  shift, and go to state 9

    $default  reduce using rule 8 (expression)


State 2

    7 expression: NUMBER .

    $default  reduce using rule 7 (expression)


State 3

   13 expression: '(' . expression ')'

    ID      shift, and go to state 10
    NUMBER  shift, and go to state 2
    '('     shift, and go to state 3

    expression  go to state 11


State 4

    0 $accept: program . $end

    $end  shift, and go to state 12


State 5

    1 program: statement_list .
    3 statement_list: statement_list . statement '\n'

    ID      shift, and go to state 1
    NUMBER  shift, and go to state 2
    '('     shift, and go to state 3

    $default  reduce using rule 1 (program)

    statement   go to state 13
    assignment  go to state 7
    expression  go to state 8


State 6

    2 statement_list: statement . '\n'

    '\n'  shift, and go to state 14


State 7

    4 statement: assignment .

    $default  reduce using rule 4 (statement)


State 8

    5 statement: expression . '\n'
    9 expression: expression . '+' expression
   10           | expression . '-' expression
   11           | expression . '*' expression
   12           | expression . '/' expression

    '\n'  shift, and go to state 15
    '+'   shift, and go to state 16
    '-'   shift, and go to state 17
    '*'   shift, and go to state 18
    '/'   shift, and go to state 19


State 9

    6 assignment: ID '=' . expression

    ID      shift, and go to state 10
    NUMBER  shift, and go to state 2
    '('     shift, and go to state 3

    expression  go to state 20


State 10

    8 expression: ID .

    $default  reduce using rule 8 (expression)


State 11

    9 expression: expression . '+' expression
   10           | expression . '-' expression
   11           | expression . '*' expression
   12           | expression . '/' expression
   13           | '(' expression . ')'

    '+'  shift, and go to state 16
    '-'  shift, and go to state 17
    '*'  shift, and go to state 18
    '/'  shift, and go to state 19
    ')'  shift, and go to state 21


State 12

    0 $accept: program $end .

    $default  accept


State 13

    3 statement_list: statement_list statement . '\n'

    '\n'  shift, and go to state 22


State 14

    2 statement_list: statement '\n' .

    $default  reduce using rule 2 (statement_list)


State 15

    5 statement: expression '\n' .

    $default  reduce using rule 5 (statement)


State 16

    9 expression: expression '+' . expression

    ID      shift, and go to state 10
    NUMBER  shift, and go to state 2
    '('     shift, and go to state 3

    expression  go to state 23


State 17

   10 expression: expression '-' . expression

    ID      shift, and go to state 10
    NUMBER  shift, and go to state 2
    '('     shift, and go to state 3

    expression  go to state 24


State 18

   11 expression: expression '*' . expression

    ID      shift, and go to state 10
    NUMBER  shift, and go to state 2
    '('     shift, and go to state 3

    expression  go to state 25


State 19

   12 expression: expression '/' . expression

    ID      shift, and go to state 10
    NUMBER  shift, and go to state 2
    '('     shift, and go to state 3

    expression  go to state 26


State 20

    6 assignment: ID '=' expression .
    9 expression: expression . '+' expression
   10           | expression . '-' expression
   11           | expression . '*' expression
   12           | expression . '/' expression

    '+'  shift, and go to state 16
    '-'  shift, and go to state 17
    '*'  shift, and go to state 18
    '/'  shift, and go to state 19

    $default  reduce using rule 6 (assignment)


State 21

   13 expression: '(' expression ')' .

    $default  reduce using rule 13 (expression)


State 22

    3 statement_list: statement_list statement '\n' .

    $default  reduce using rule 3 (statement_list)


State 23

    9 expression: expression . '+' expression
    9           | expression '+' expression .
   10           | expression . '-' expression
   11           | expression . '*' expression
   12           | expression . '/' expression

    '+'  shift, and go to state 16
    '-'  shift, and go to state 17
    '*'  shift, and go to state 18
    '/'  shift, and go to state 19

    '+'       [reduce using rule 9 (expression)]
    '-'       [reduce using rule 9 (expression)]
    '*'       [reduce using rule 9 (expression)]
    '/'       [reduce using rule 9 (expression)]
    $default  reduce using rule 9 (expression)


State 24

    9 expression: expression . '+' expression
   10           | expression . '-' expression
   10           | expression '-' expression .
   11           | expression . '*' expression
   12           | expression . '/' expression

    '+'  shift, and go to state 16
    '-'  shift, and go to state 17
    '*'  shift, and go to state 18
    '/'  shift, and go to state 19

    '+'       [reduce using rule 10 (expression)]
    '-'       [reduce using rule 10 (expression)]
    '*'       [reduce using rule 10 (expression)]
    '/'       [reduce using rule 10 (expression)]
    $default  reduce using rule 10 (expression)


State 25

    9 expression: expression . '+' expression
   10           | expression . '-' expression
   11           | expression . '*' expression
   11           | expression '*' expression .
   12           | expression . '/' expression

    '+'  shift, and go to state 16
    '-'  shift, and go to state 17
    '*'  shift, and go to state 18
    '/'  shift, and go to state 19

    '+'       [reduce using rule 11 (expression)]
    '-'       [reduce using rule 11 (expression)]
    '*'       [reduce using rule 11 (expression)]
    '/'       [reduce using rule 11 (expression)]
    $default  reduce using rule 11 (expression)


State 26

    9 expression: expression . '+' expression
   10           | expression . '-' expression
   11           | expression . '*' expression
   12           | expression . '/' expression
   12           | expression '/' expression .

    '+'  shift, and go to state 16
    '-'  shift, and go to state 17
    '*'  shift, and go to state 18
    '/'  shift, and go to state 19

    '+'       [reduce using rule 12 (expression)]
    '-'       [reduce using rule 12 (expression)]
    '*'       [reduce using rule 12 (expression)]
    '/'       [reduce using rule 12 (expression)]
    $default  reduce using rule 12 (expression)
